1759726576142:help
1759726585406:exit
1759726633656:help
1759726641215:exit
1759793985202:help
1759794003064:exit
1759809919680:help
1759809926041:product-cli add
1759810357613:help
1759810365206:product-cli add
1759810482160:product-cli add 10 30 "testProduct" Beverage, dye, HairCleaning
1759810550749:product-cli add --name "Test Product" --stock 10 --price 19.99 --code "TP-001" --category '[{"name":"Electronics"},{"name":"Gadgets"}]'
1759810588566:product-cli add --name "Test Product" --stock 10 --price 19.99 --code "TP-001" --category '[{"name":"HairCleaning"},{"name":"Beverage"}]'
1759811290773:product-cli add --name "Test Product" --stock 10 --price 19.99 --code "TP-001" --categoryList '[{"name":"HairCleaning"},{"name":"Beverage"}]'
1759811323729:stacktrace
1759811338785:product-cli add --name "Test Product" --stock 10 --price 19.99 --code "TP-001" --category
1759811345937:product-cli add --name "Test Product" --stock 10 --price 19.99 --code "TP-001" --categoryList
1759811545471:List<Category> category = categoryList.stream()
1759811610351:product-cli add "test product" 10 19.99 "Tp-001" HairCleaning
1759811862363:product-cli add "testing bigdecimal" 5 13.50 "Tp-002" HairCleaning Beverage
1759811898170:exit
